[ 2016-08-02T09:49:29+08:00 ] ::1 /Smartlock/Android/report
INFO: [ app_init ] --START--
INFO: Run Behavior\BuildLiteBehavior [ RunTime:0.000019s ]
INFO: [ app_init ] --END-- [ RunTime:0.032853s ]
INFO: [ app_begin ] --START--
INFO: Run Behavior\ReadHtmlCacheBehavior [ RunTime:0.052440s ]
INFO: [ app_begin ] --END-- [ RunTime:0.052525s ]
SQL: SHOW COLUMNS FROM `lock_position` [ RunTime:0.0317s ]
SQL: SELECT `id`,`lng`,`lat`,`reason` FROM `lock_position` WHERE `device_serialNumber` = 0 ORDER BY id desc LIMIT 0,1   [ RunTime:0.0003s ]
INFO: [ app_end ] --START--
INFO: Run Behavior\ShowPageTraceBehavior [ RunTime:0.051706s ]
INFO: [ app_end ] --END-- [ RunTime:0.051768s ]

[ 2016-08-02T11:11:00+08:00 ] ::1 /Smartlock/Android/test?reason=1
INFO: [ app_init ] --START--
INFO: Run Behavior\BuildLiteBehavior [ RunTime:0.000024s ]
INFO: [ app_init ] --END-- [ RunTime:0.024830s ]
INFO: [ app_begin ] --START--
INFO: Run Behavior\ReadHtmlCacheBehavior [ RunTime:0.029932s ]
INFO: [ app_begin ] --END-- [ RunTime:0.030033s ]
SQL: SHOW COLUMNS FROM `lock_position` [ RunTime:0.0624s ]
SQL: SELECT DISTINCT  * FROM `lock_position` WHERE ( reason=1 )  [ RunTime:0.0150s ]
INFO: [ app_end ] --START--
INFO: Run Behavior\ShowPageTraceBehavior [ RunTime:0.041404s ]
INFO: [ app_end ] --END-- [ RunTime:0.041511s ]

[ 2016-08-02T11:12:35+08:00 ] ::1 /Smartlock/Android/test?reason=1
INFO: [ app_init ] --START--
INFO: Run Behavior\BuildLiteBehavior [ RunTime:0.000022s ]
INFO: [ app_init ] --END-- [ RunTime:0.001124s ]
INFO: [ app_begin ] --START--
INFO: Run Behavior\ReadHtmlCacheBehavior [ RunTime:0.001147s ]
INFO: [ app_begin ] --END-- [ RunTime:0.001340s ]
SQL: SHOW COLUMNS FROM `lock_position` [ RunTime:0.0315s ]
SQL: SELECT * FROM `lock_position` WHERE ( reason=1 ) LIMIT 1   [ RunTime:0.0004s ]
INFO: [ app_end ] --START--
INFO: Run Behavior\ShowPageTraceBehavior [ RunTime:0.001239s ]
INFO: [ app_end ] --END-- [ RunTime:0.001339s ]

[ 2016-08-02T11:43:23+08:00 ] ::1 /Smartlock/Android/test?reason=1
INFO: [ app_init ] --START--
INFO: Run Behavior\BuildLiteBehavior [ RunTime:0.000019s ]
INFO: [ app_init ] --END-- [ RunTime:0.023737s ]
INFO: [ app_begin ] --START--
INFO: Run Behavior\ReadHtmlCacheBehavior [ RunTime:0.021263s ]
INFO: [ app_begin ] --END-- [ RunTime:0.021370s ]
SQL: SHOW COLUMNS FROM `lock_position` [ RunTime:0.0113s ]
SQL: SELECT * FROM `lock_position` WHERE ( reason=1 ) ORDER BY id desc LIMIT 1   [ RunTime:0.0004s ]
INFO: [ app_end ] --START--
INFO: Run Behavior\ShowPageTraceBehavior [ RunTime:0.038363s ]
INFO: [ app_end ] --END-- [ RunTime:0.038434s ]

[ 2016-08-02T11:48:23+08:00 ] ::1 /Smartlock/Android/test?reason=1
INFO: [ app_init ] --START--
INFO: Run Behavior\BuildLiteBehavior [ RunTime:0.000015s ]
INFO: [ app_init ] --END-- [ RunTime:0.000491s ]
INFO: [ app_begin ] --START--
INFO: Run Behavior\ReadHtmlCacheBehavior [ RunTime:0.000862s ]
INFO: [ app_begin ] --END-- [ RunTime:0.000933s ]
SQL: SHOW COLUMNS FROM `lock_position` [ RunTime:0.0264s ]
SQL: SELECT DISTINCT  * FROM `lock_position` WHERE ( reason=1 ) ORDER BY id desc  [ RunTime:0.0005s ]
INFO: [ app_end ] --START--
INFO: Run Behavior\ShowPageTraceBehavior [ RunTime:0.001039s ]
INFO: [ app_end ] --END-- [ RunTime:0.001095s ]

[ 2016-08-02T12:52:28+08:00 ] ::1 /Smartlock/Android/test?reason=1
INFO: [ app_init ] --START--
INFO: Run Behavior\BuildLiteBehavior [ RunTime:0.000018s ]
INFO: [ app_init ] --END-- [ RunTime:0.021421s ]
INFO: [ app_begin ] --START--
INFO: Run Behavior\ReadHtmlCacheBehavior [ RunTime:0.013592s ]
INFO: [ app_begin ] --END-- [ RunTime:0.013667s ]
SQL: SHOW COLUMNS FROM `lock_position` [ RunTime:0.0144s ]
ERR: SQLSTATE[42S22]: Column not found: 1054 Unknown column 'device_' in 'field list'

[ 2016-08-02T12:52:48+08:00 ] ::1 /Smartlock/Android/test?reason=1
INFO: [ app_init ] --START--
INFO: Run Behavior\BuildLiteBehavior [ RunTime:0.000013s ]
INFO: [ app_init ] --END-- [ RunTime:0.000462s ]
INFO: [ app_begin ] --START--
INFO: Run Behavior\ReadHtmlCacheBehavior [ RunTime:0.000939s ]
INFO: [ app_begin ] --END-- [ RunTime:0.001023s ]
SQL: SHOW COLUMNS FROM `lock_position` [ RunTime:0.0292s ]
SQL: SELECT DISTINCT  `device_serialNumber` FROM `lock_position` WHERE ( reason=1 ) ORDER BY id desc  [ RunTime:0.0360s ]
INFO: [ app_end ] --START--
INFO: Run Behavior\ShowPageTraceBehavior [ RunTime:0.017337s ]
INFO: [ app_end ] --END-- [ RunTime:0.017403s ]

[ 2016-08-02T13:09:05+08:00 ] ::1 /Smartlock/Android/test?reason=1
INFO: [ app_init ] --START--
INFO: Run Behavior\BuildLiteBehavior [ RunTime:0.000026s ]
INFO: [ app_init ] --END-- [ RunTime:0.024672s ]
INFO: [ app_begin ] --START--
INFO: Run Behavior\ReadHtmlCacheBehavior [ RunTime:0.007584s ]
INFO: [ app_begin ] --END-- [ RunTime:0.007713s ]
SQL: SHOW COLUMNS FROM `lock_position` [ RunTime:0.0125s ]
ERR: SQLSTATE[42S22]: Column not found: 1054 Unknown column '' in 'field list'

[ 2016-08-02T13:09:22+08:00 ] ::1 /Smartlock/Android/test?reason=1
INFO: [ app_init ] --START--
INFO: Run Behavior\BuildLiteBehavior [ RunTime:0.000016s ]
INFO: [ app_init ] --END-- [ RunTime:0.000541s ]
INFO: [ app_begin ] --START--
INFO: Run Behavior\ReadHtmlCacheBehavior [ RunTime:0.001644s ]
INFO: [ app_begin ] --END-- [ RunTime:0.001752s ]
SQL: SHOW COLUMNS FROM `lock_position` [ RunTime:0.0303s ]
SQL: SELECT DISTINCT  `device_serialNumber`,`lng`,`lat` FROM `lock_position` WHERE ( reason=1 ) ORDER BY id desc  [ RunTime:0.0006s ]
INFO: [ app_end ] --START--
INFO: Run Behavior\ShowPageTraceBehavior [ RunTime:0.016060s ]
INFO: [ app_end ] --END-- [ RunTime:0.016141s ]

[ 2016-08-02T13:09:42+08:00 ] ::1 /Smartlock/Android/test?reason=1
INFO: [ app_init ] --START--
INFO: Run Behavior\BuildLiteBehavior [ RunTime:0.000017s ]
INFO: [ app_init ] --END-- [ RunTime:0.000489s ]
INFO: [ app_begin ] --START--
INFO: Run Behavior\ReadHtmlCacheBehavior [ RunTime:0.000702s ]
INFO: [ app_begin ] --END-- [ RunTime:0.000804s ]
SQL: SHOW COLUMNS FROM `lock_position` [ RunTime:1.0294s ]
SQL: SELECT DISTINCT  `device_serialNumber`,`lng`,`lat`,`position`,`reason` FROM `lock_position` WHERE ( reason=1 ) ORDER BY id desc  [ RunTime:0.0016s ]
INFO: [ app_end ] --START--
INFO: Run Behavior\ShowPageTraceBehavior [ RunTime:0.002748s ]
INFO: [ app_end ] --END-- [ RunTime:0.002934s ]

[ 2016-08-02T13:10:21+08:00 ] ::1 /Smartlock/Android/test?reason=1
INFO: [ app_init ] --START--
INFO: Run Behavior\BuildLiteBehavior [ RunTime:0.000014s ]
INFO: [ app_init ] --END-- [ RunTime:0.000401s ]
INFO: [ app_begin ] --START--
INFO: Run Behavior\ReadHtmlCacheBehavior [ RunTime:0.000470s ]
INFO: [ app_begin ] --END-- [ RunTime:0.000514s ]
SQL: SHOW COLUMNS FROM `lock_position` [ RunTime:0.0413s ]
SQL: SELECT * FROM `lock_position` WHERE ( reason=1 ) ORDER BY id desc  [ RunTime:0.0003s ]
INFO: [ app_end ] --START--
INFO: Run Behavior\ShowPageTraceBehavior [ RunTime:0.000691s ]
INFO: [ app_end ] --END-- [ RunTime:0.000737s ]

[ 2016-08-02T13:21:40+08:00 ] ::1 /Smartlock/Android/test?reason=1
INFO: [ app_init ] --START--
INFO: Run Behavior\BuildLiteBehavior [ RunTime:0.000022s ]
INFO: [ app_init ] --END-- [ RunTime:0.000805s ]
INFO: [ app_begin ] --START--
INFO: Run Behavior\ReadHtmlCacheBehavior [ RunTime:0.001017s ]
INFO: [ app_begin ] --END-- [ RunTime:0.001101s ]
SQL: SHOW COLUMNS FROM `lock_position` [ RunTime:0.0290s ]
SQL: select a.* from lock_position a,(select max(id) as id,device_serialNumber from lock_position group by device_serialNumber) b
where a.id=b.id and a.device_serialNumber=b.device_serialNumber [ RunTime:0.0008s ]
INFO: [ app_end ] --START--
INFO: Run Behavior\ShowPageTraceBehavior [ RunTime:0.000886s ]
INFO: [ app_end ] --END-- [ RunTime:0.000934s ]

[ 2016-08-02T13:22:48+08:00 ] ::1 /Smartlock/Android/test?reason=1
INFO: [ app_init ] --START--
INFO: Run Behavior\BuildLiteBehavior [ RunTime:0.000024s ]
INFO: [ app_init ] --END-- [ RunTime:0.000883s ]
INFO: [ app_begin ] --START--
INFO: Run Behavior\ReadHtmlCacheBehavior [ RunTime:0.000876s ]
INFO: [ app_begin ] --END-- [ RunTime:0.000940s ]
SQL: SHOW COLUMNS FROM `lock_position` [ RunTime:0.0124s ]
SQL: select a.* from lock_position a,(select max(id) as id,device_serialNumber from lock_position group by device_serialNumber) b
where a.id=b.id and a.device_serialNumber=b.device_serialNumber and a.reason=1 [ RunTime:0.0009s ]
INFO: [ app_end ] --START--
INFO: Run Behavior\ShowPageTraceBehavior [ RunTime:0.000972s ]
INFO: [ app_end ] --END-- [ RunTime:0.001023s ]

[ 2016-08-02T13:30:19+08:00 ] ::1 /Smartlock/Android/test?reason=1
INFO: [ app_init ] --START--
INFO: Run Behavior\BuildLiteBehavior [ RunTime:0.000025s ]
INFO: [ app_init ] --END-- [ RunTime:0.000611s ]
INFO: [ app_begin ] --START--
INFO: Run Behavior\ReadHtmlCacheBehavior [ RunTime:0.000790s ]
INFO: [ app_begin ] --END-- [ RunTime:0.000874s ]
SQL: SHOW COLUMNS FROM `lock_position` [ RunTime:0.0189s ]
SQL: select a.* from lock_position a,(select max(id) as id,device_serialNumber from lock_position group by device_serialNumber) b
where a.id=b.id and a.device_serialNumber=b.device_serialNumber and a.reason=1 [ RunTime:0.0319s ]
INFO: [ app_end ] --START--
INFO: Run Behavior\ShowPageTraceBehavior [ RunTime:0.001182s ]
INFO: [ app_end ] --END-- [ RunTime:0.001256s ]

[ 2016-08-02T13:30:28+08:00 ] ::1 /Smartlock/Android/test?reason=1
INFO: [ app_init ] --START--
INFO: Run Behavior\BuildLiteBehavior [ RunTime:0.000131s ]
INFO: [ app_init ] --END-- [ RunTime:0.001110s ]
INFO: [ app_begin ] --START--
INFO: Run Behavior\ReadHtmlCacheBehavior [ RunTime:0.001089s ]
INFO: [ app_begin ] --END-- [ RunTime:0.001161s ]
SQL: SHOW COLUMNS FROM `lock_position` [ RunTime:0.0349s ]
SQL: select a.* from lock_position a,(select max(id) as id,device_serialNumber from lock_position group by device_serialNumber) b
where a.id=b.id and a.device_serialNumber=b.device_serialNumber and a.reason=1 [ RunTime:0.0011s ]
INFO: [ app_end ] --START--
INFO: Run Behavior\ShowPageTraceBehavior [ RunTime:0.001432s ]
INFO: [ app_end ] --END-- [ RunTime:0.001504s ]

[ 2016-08-02T14:50:46+08:00 ] ::1 /Smartlock/Android/test?reason=1
INFO: [ app_init ] --START--
INFO: Run Behavior\BuildLiteBehavior [ RunTime:0.000024s ]
INFO: [ app_init ] --END-- [ RunTime:0.028096s ]
INFO: [ app_begin ] --START--
INFO: Run Behavior\ReadHtmlCacheBehavior [ RunTime:0.010124s ]
INFO: [ app_begin ] --END-- [ RunTime:0.010244s ]
SQL: SHOW COLUMNS FROM `lock_position` [ RunTime:0.0184s ]
SQL: select a.* from lock_position a,(select max(id) as id,device_serialNumber from lock_position group by device_serialNumber) b
where a.id=b.id and a.device_serialNumber=b.device_serialNumber and a.reason=1 [ RunTime:0.0009s ]
INFO: [ app_end ] --START--
INFO: Run Behavior\ShowPageTraceBehavior [ RunTime:0.025538s ]
INFO: [ app_end ] --END-- [ RunTime:0.025627s ]

[ 2016-08-02T19:15:00+08:00 ] ::1 /Smartlock/Android/test?reason=1
INFO: [ app_init ] --START--
INFO: Run Behavior\BuildLiteBehavior [ RunTime:0.000018s ]
INFO: [ app_init ] --END-- [ RunTime:0.034926s ]
INFO: [ app_begin ] --START--
INFO: Run Behavior\ReadHtmlCacheBehavior [ RunTime:0.063607s ]
INFO: [ app_begin ] --END-- [ RunTime:0.063686s ]

[ 2016-08-02T19:15:19+08:00 ] ::1 /Smartlock/Android/test?reason=1
INFO: [ app_init ] --START--
INFO: Run Behavior\BuildLiteBehavior [ RunTime:0.000020s ]
INFO: [ app_init ] --END-- [ RunTime:0.000569s ]
INFO: [ app_begin ] --START--
INFO: Run Behavior\ReadHtmlCacheBehavior [ RunTime:0.000723s ]
INFO: [ app_begin ] --END-- [ RunTime:0.000796s ]
SQL: SHOW COLUMNS FROM `lock_position` [ RunTime:0.0145s ]
SQL: SELECT * FROM `lock_position` WHERE ( reason=1 )  [ RunTime:0.0003s ]
INFO: [ app_end ] --START--
INFO: Run Behavior\ShowPageTraceBehavior [ RunTime:0.040563s ]
INFO: [ app_end ] --END-- [ RunTime:0.040631s ]

[ 2016-08-02T20:03:39+08:00 ] ::1 /Smartlock/Android/viewNearby?lat=30.656556&lng=104.1943181
INFO: [ app_init ] --START--
INFO: Run Behavior\BuildLiteBehavior [ RunTime:0.000019s ]
INFO: [ app_init ] --END-- [ RunTime:0.020019s ]
INFO: [ app_begin ] --START--
INFO: Run Behavior\ReadHtmlCacheBehavior [ RunTime:0.012402s ]
INFO: [ app_begin ] --END-- [ RunTime:0.012491s ]
SQL: SHOW COLUMNS FROM `lock_position` [ RunTime:0.0184s ]
ERR: 无法加载数据库驱动: Think\Db\Driver\

[ 2016-08-02T20:05:45+08:00 ] ::1 /Smartlock/Android/viewNearby?lat=30.656556&lng=104.1943181
INFO: [ app_init ] --START--
INFO: Run Behavior\BuildLiteBehavior [ RunTime:0.000014s ]
INFO: [ app_init ] --END-- [ RunTime:0.000566s ]
INFO: [ app_begin ] --START--
INFO: Run Behavior\ReadHtmlCacheBehavior [ RunTime:0.000760s ]
INFO: [ app_begin ] --END-- [ RunTime:0.000805s ]
SQL: SHOW COLUMNS FROM `lock_position` [ RunTime:0.1323s ]
ERR: 无法加载数据库驱动: Think\Db\Driver\

[ 2016-08-02T20:08:46+08:00 ] ::1 /Smartlock/Android/viewNearby?lat=30.656556&lng=104.1943181
INFO: [ app_init ] --START--
INFO: Run Behavior\BuildLiteBehavior [ RunTime:0.000027s ]
INFO: [ app_init ] --END-- [ RunTime:0.000909s ]
INFO: [ app_begin ] --START--
INFO: Run Behavior\ReadHtmlCacheBehavior [ RunTime:0.000863s ]
INFO: [ app_begin ] --END-- [ RunTime:0.000931s ]
SQL: SHOW COLUMNS FROM `lock_position` [ RunTime:0.0126s ]
ERR: 无法加载数据库驱动: Think\Db\Driver\

[ 2016-08-02T20:09:45+08:00 ] ::1 /Smartlock/Android/viewNearby?lat=30.656556&lng=104.1943181
INFO: [ app_init ] --START--
INFO: Run Behavior\BuildLiteBehavior [ RunTime:0.000016s ]
INFO: [ app_init ] --END-- [ RunTime:0.000653s ]
INFO: [ app_begin ] --START--
INFO: Run Behavior\ReadHtmlCacheBehavior [ RunTime:0.001318s ]
INFO: [ app_begin ] --END-- [ RunTime:0.001430s ]
SQL: SHOW COLUMNS FROM `lock_position` [ RunTime:0.0119s ]
ERR: 无法加载数据库驱动: Think\Db\Driver\

[ 2016-08-02T20:11:19+08:00 ] ::1 /Smartlock/Android/viewNearby?lat=30.656556&lng=104.1943181
INFO: [ app_init ] --START--
INFO: Run Behavior\BuildLiteBehavior [ RunTime:0.000015s ]
INFO: [ app_init ] --END-- [ RunTime:0.000552s ]
INFO: [ app_begin ] --START--
INFO: Run Behavior\ReadHtmlCacheBehavior [ RunTime:0.000840s ]
INFO: [ app_begin ] --END-- [ RunTime:0.000891s ]
SQL: SHOW COLUMNS FROM `lock_position` [ RunTime:0.0114s ]
SQL: SHOW COLUMNS FROM `lock_device` [ RunTime:0.0119s ]
SQL: SHOW COLUMNS FROM `lock_bike` [ RunTime:0.0354s ]
SQL: SHOW COLUMNS FROM `lock_user` [ RunTime:0.0127s ]
SQL: select a.* from lock_position a,(select max(id) as id,device_serialNumber from lock_position group by device_serialNumber) b
where a.id=b.id and a.device_serialNumber=b.device_serialNumber and a.reason=1 [ RunTime:0.0013s ]
NOTIC: [8] Undefined index: device_serialNumber D:\Demo\SmartLock\Application\Home\Controller\AndroidController.class.php 第 482 行.
ERR: SQLSTATE[42000]: Syntax error or access violation: 1064 You have an error in your SQL syntax; check the manual that corresponds to your MySQL server version for the right syntax to use near ') LIMIT 1' at line 1

[ 2016-08-02T20:15:31+08:00 ] ::1 /Smartlock/Android/viewNearby?lat=30.656556&lng=104.1943181
INFO: [ app_init ] --START--
INFO: Run Behavior\BuildLiteBehavior [ RunTime:0.000016s ]
INFO: [ app_init ] --END-- [ RunTime:0.001089s ]
INFO: [ app_begin ] --START--
INFO: Run Behavior\ReadHtmlCacheBehavior [ RunTime:0.000742s ]
INFO: [ app_begin ] --END-- [ RunTime:0.000791s ]
SQL: SHOW COLUMNS FROM `lock_position` [ RunTime:0.0125s ]
SQL: SHOW COLUMNS FROM `lock_device` [ RunTime:0.0129s ]
SQL: SHOW COLUMNS FROM `lock_bike` [ RunTime:0.0114s ]
SQL: SHOW COLUMNS FROM `lock_user` [ RunTime:0.0103s ]
SQL: select a.* from lock_position a,(select max(id) as id,device_serialNumber from lock_position group by device_serialNumber) b
where a.id=b.id and a.device_serialNumber=b.device_serialNumber and a.reason=1 [ RunTime:0.0011s ]
NOTIC: [8] Undefined index: device_serialNumber D:\Demo\SmartLock\Application\Home\Controller\AndroidController.class.php 第 482 行.
ERR: SQLSTATE[42000]: Syntax error or access violation: 1064 You have an error in your SQL syntax; check the manual that corresponds to your MySQL server version for the right syntax to use near ')' at line 1

[ 2016-08-02T20:15:53+08:00 ] ::1 /Smartlock/Android/viewNearby?lat=30.656556&lng=104.1943181
INFO: [ app_init ] --START--
INFO: Run Behavior\BuildLiteBehavior [ RunTime:0.000015s ]
INFO: [ app_init ] --END-- [ RunTime:0.000825s ]
INFO: [ app_begin ] --START--
INFO: Run Behavior\ReadHtmlCacheBehavior [ RunTime:0.000913s ]
INFO: [ app_begin ] --END-- [ RunTime:0.000984s ]
SQL: SHOW COLUMNS FROM `lock_position` [ RunTime:0.0140s ]
SQL: SHOW COLUMNS FROM `lock_device` [ RunTime:0.0092s ]
SQL: SHOW COLUMNS FROM `lock_bike` [ RunTime:0.0091s ]
SQL: SHOW COLUMNS FROM `lock_user` [ RunTime:0.0109s ]
SQL: select a.* from lock_position a,(select max(id) as id,device_serialNumber from lock_position group by device_serialNumber) b
where a.id=b.id and a.device_serialNumber=b.device_serialNumber and a.reason=1 [ RunTime:0.0007s ]
NOTIC: [8] Undefined index: device_serialNumber D:\Demo\SmartLock\Application\Home\Controller\AndroidController.class.php 第 482 行.
ERR: SQLSTATE[42000]: Syntax error or access violation: 1064 You have an error in your SQL syntax; check the manual that corresponds to your MySQL server version for the right syntax to use near ')' at line 1

[ 2016-08-02T20:19:34+08:00 ] ::1 /Smartlock/Android/viewNearby?lat=30.656556&lng=104.1943181
INFO: [ app_init ] --START--
INFO: Run Behavior\BuildLiteBehavior [ RunTime:0.000015s ]
INFO: [ app_init ] --END-- [ RunTime:0.000498s ]
INFO: [ app_begin ] --START--
INFO: Run Behavior\ReadHtmlCacheBehavior [ RunTime:0.000741s ]
INFO: [ app_begin ] --END-- [ RunTime:0.000784s ]
SQL: SHOW COLUMNS FROM `lock_position` [ RunTime:0.0131s ]
SQL: SHOW COLUMNS FROM `lock_device` [ RunTime:0.0099s ]
SQL: SHOW COLUMNS FROM `lock_bike` [ RunTime:0.0093s ]
SQL: SHOW COLUMNS FROM `lock_user` [ RunTime:0.0096s ]
SQL: select a.* from lock_position a,(select max(id) as id,device_serialNumber from lock_position group by device_serialNumber) b
where a.id=b.id and a.device_serialNumber=b.device_serialNumber and a.reason=1 [ RunTime:0.0007s ]
NOTIC: [8] Undefined index: device_serialNumber D:\Demo\SmartLock\Application\Home\Controller\AndroidController.class.php 第 482 行.
ERR: SQLSTATE[42000]: Syntax error or access violation: 1064 You have an error in your SQL syntax; check the manual that corresponds to your MySQL server version for the right syntax to use near ')' at line 1

[ 2016-08-02T20:21:07+08:00 ] ::1 /Smartlock/Android/viewNearby?lat=30.656556&lng=104.1943181
INFO: [ app_init ] --START--
INFO: Run Behavior\BuildLiteBehavior [ RunTime:0.000014s ]
INFO: [ app_init ] --END-- [ RunTime:0.000461s ]
INFO: [ app_begin ] --START--
INFO: Run Behavior\ReadHtmlCacheBehavior [ RunTime:0.000744s ]
INFO: [ app_begin ] --END-- [ RunTime:0.000789s ]
SQL: SHOW COLUMNS FROM `lock_position` [ RunTime:0.0124s ]
SQL: SHOW COLUMNS FROM `lock_device` [ RunTime:0.0106s ]
SQL: SHOW COLUMNS FROM `lock_bike` [ RunTime:0.0086s ]
SQL: SHOW COLUMNS FROM `lock_user` [ RunTime:0.0093s ]
SQL: select a.* from lock_position a,(select max(id) as id,device_serialNumber from lock_position group by device_serialNumber) b
where a.id=b.id and a.device_serialNumber=b.device_serialNumber and a.reason=1 [ RunTime:0.0007s ]
NOTIC: [8] Undefined index: device_serialNumber D:\Demo\SmartLock\Application\Home\Controller\AndroidController.class.php 第 482 行.
ERR: SQLSTATE[42000]: Syntax error or access violation: 1064 You have an error in your SQL syntax; check the manual that corresponds to your MySQL server version for the right syntax to use near ') LIMIT 1' at line 1

[ 2016-08-02T20:22:40+08:00 ] ::1 /Smartlock/Android/viewNearby?lat=30.656556&lng=104.1943181
INFO: [ app_init ] --START--
INFO: Run Behavior\BuildLiteBehavior [ RunTime:0.000013s ]
INFO: [ app_init ] --END-- [ RunTime:0.000499s ]
INFO: [ app_begin ] --START--
INFO: Run Behavior\ReadHtmlCacheBehavior [ RunTime:0.000733s ]
INFO: [ app_begin ] --END-- [ RunTime:0.000779s ]
SQL: SHOW COLUMNS FROM `lock_position` [ RunTime:0.0204s ]
SQL: SHOW COLUMNS FROM `lock_device` [ RunTime:0.0098s ]
SQL: SHOW COLUMNS FROM `lock_bike` [ RunTime:0.0094s ]
SQL: SHOW COLUMNS FROM `lock_user` [ RunTime:0.0086s ]
SQL: select a.* from lock_position a,(select max(id) as id,device_serialNumber from lock_position group by device_serialNumber) b
where a.id=b.id and a.device_serialNumber=b.device_serialNumber and a.reason=1 [ RunTime:0.0011s ]
NOTIC: [8] Undefined index: device_serialNumber D:\Demo\SmartLock\Application\Home\Controller\AndroidController.class.php 第 482 行.
SQL: SELECT * FROM `lock_device` WHERE `serialNumber` = null LIMIT 1   [ RunTime:0.0003s ]
ERR: SQLSTATE[42000]: Syntax error or access violation: 1064 You have an error in your SQL syntax; check the manual that corresponds to your MySQL server version for the right syntax to use near ')' at line 1

[ 2016-08-02T20:27:04+08:00 ] ::1 /Smartlock/Android/viewNearby?lat=30.656556&lng=104.1943181
INFO: [ app_init ] --START--
INFO: Run Behavior\BuildLiteBehavior [ RunTime:0.000014s ]
INFO: [ app_init ] --END-- [ RunTime:0.000486s ]
INFO: [ app_begin ] --START--
INFO: Run Behavior\ReadHtmlCacheBehavior [ RunTime:0.000700s ]
INFO: [ app_begin ] --END-- [ RunTime:0.000743s ]
SQL: SHOW COLUMNS FROM `lock_position` [ RunTime:0.0117s ]
SQL: SHOW COLUMNS FROM `lock_device` [ RunTime:0.0104s ]
SQL: SHOW COLUMNS FROM `lock_bike` [ RunTime:0.0087s ]
SQL: SHOW COLUMNS FROM `lock_user` [ RunTime:0.0093s ]
SQL: select a.* from lock_position a,(select max(id) as id,device_serialNumber from lock_position group by device_serialNumber) b
where a.id=b.id and a.device_serialNumber=b.device_serialNumber and a.reason=1 [ RunTime:0.0010s ]
NOTIC: [8] Undefined index: device_serialNumber D:\Demo\SmartLock\Application\Home\Controller\AndroidController.class.php 第 482 行.
SQL: SELECT * FROM `lock_device` WHERE `serialNumber` = null LIMIT 1   [ RunTime:0.0003s ]
SQL: SELECT * FROM `lock_user` WHERE `id` = null  [ RunTime:0.0002s ]
SQL: SELECT * FROM `lock_bike` WHERE `owner_id` = null  [ RunTime:0.0001s ]
NOTIC: [8] Undefined offset: 0 D:\Demo\SmartLock\Application\Home\Controller\AndroidController.class.php 第 491 行.
NOTIC: [8] Undefined offset: 0 D:\Demo\SmartLock\Application\Home\Controller\AndroidController.class.php 第 492 行.
NOTIC: [8] Undefined offset: 0 D:\Demo\SmartLock\Application\Home\Controller\AndroidController.class.php 第 493 行.
NOTIC: [8] Undefined offset: 0 D:\Demo\SmartLock\Application\Home\Controller\AndroidController.class.php 第 494 行.
NOTIC: [8] Undefined offset: 0 D:\Demo\SmartLock\Application\Home\Controller\AndroidController.class.php 第 495 行.
NOTIC: [8] Undefined offset: 0 D:\Demo\SmartLock\Application\Home\Controller\AndroidController.class.php 第 496 行.
NOTIC: [8] Undefined offset: 0 D:\Demo\SmartLock\Application\Home\Controller\AndroidController.class.php 第 497 行.
NOTIC: [8] Undefined offset: 0 D:\Demo\SmartLock\Application\Home\Controller\AndroidController.class.php 第 498 行.
NOTIC: [8] Undefined offset: 0 D:\Demo\SmartLock\Application\Home\Controller\AndroidController.class.php 第 499 行.
NOTIC: [8] Undefined offset: 0 D:\Demo\SmartLock\Application\Home\Controller\AndroidController.class.php 第 500 行.
NOTIC: [8] Undefined offset: 0 D:\Demo\SmartLock\Application\Home\Controller\AndroidController.class.php 第 501 行.
NOTIC: [8] Undefined offset: 0 D:\Demo\SmartLock\Application\Home\Controller\AndroidController.class.php 第 502 行.
NOTIC: [8] Undefined index: device_serialNumber D:\Demo\SmartLock\Application\Home\Controller\AndroidController.class.php 第 482 行.
SQL: SELECT * FROM `lock_device` WHERE `serialNumber` = null LIMIT 1   [ RunTime:0.0004s ]
SQL: SELECT * FROM `lock_user` WHERE `id` = null  [ RunTime:0.0002s ]
SQL: SELECT * FROM `lock_bike` WHERE `owner_id` = null  [ RunTime:0.0002s ]
NOTIC: [8] Undefined offset: 0 D:\Demo\SmartLock\Application\Home\Controller\AndroidController.class.php 第 491 行.
NOTIC: [8] Undefined offset: 0 D:\Demo\SmartLock\Application\Home\Controller\AndroidController.class.php 第 492 行.
NOTIC: [8] Undefined offset: 0 D:\Demo\SmartLock\Application\Home\Controller\AndroidController.class.php 第 493 行.
NOTIC: [8] Undefined offset: 0 D:\Demo\SmartLock\Application\Home\Controller\AndroidController.class.php 第 494 行.
NOTIC: [8] Undefined offset: 0 D:\Demo\SmartLock\Application\Home\Controller\AndroidController.class.php 第 495 行.
NOTIC: [8] Undefined offset: 0 D:\Demo\SmartLock\Application\Home\Controller\AndroidController.class.php 第 496 行.
NOTIC: [8] Undefined offset: 0 D:\Demo\SmartLock\Application\Home\Controller\AndroidController.class.php 第 497 行.
NOTIC: [8] Undefined offset: 0 D:\Demo\SmartLock\Application\Home\Controller\AndroidController.class.php 第 498 行.
NOTIC: [8] Undefined offset: 0 D:\Demo\SmartLock\Application\Home\Controller\AndroidController.class.php 第 499 行.
NOTIC: [8] Undefined offset: 0 D:\Demo\SmartLock\Application\Home\Controller\AndroidController.class.php 第 500 行.
NOTIC: [8] Undefined offset: 0 D:\Demo\SmartLock\Application\Home\Controller\AndroidController.class.php 第 501 行.
NOTIC: [8] Undefined offset: 0 D:\Demo\SmartLock\Application\Home\Controller\AndroidController.class.php 第 502 行.
INFO: [ app_end ] --START--
INFO: Run Behavior\ShowPageTraceBehavior [ RunTime:0.024079s ]
INFO: [ app_end ] --END-- [ RunTime:0.024143s ]

[ 2016-08-02T20:27:21+08:00 ] ::1 /Smartlock/Android/viewNearby?lat=30.656556&lng=104.1943181
INFO: [ app_init ] --START--
INFO: Run Behavior\BuildLiteBehavior [ RunTime:0.000022s ]
INFO: [ app_init ] --END-- [ RunTime:0.000754s ]
INFO: [ app_begin ] --START--
INFO: Run Behavior\ReadHtmlCacheBehavior [ RunTime:0.001099s ]
INFO: [ app_begin ] --END-- [ RunTime:0.001182s ]
SQL: SHOW COLUMNS FROM `lock_position` [ RunTime:0.0182s ]
SQL: SHOW COLUMNS FROM `lock_device` [ RunTime:0.0106s ]
SQL: SHOW COLUMNS FROM `lock_bike` [ RunTime:0.0114s ]
SQL: SHOW COLUMNS FROM `lock_user` [ RunTime:0.0103s ]
SQL: select a.* from lock_position a,(select max(id) as id,device_serialNumber from lock_position group by device_serialNumber) b
where a.id=b.id and a.device_serialNumber=b.device_serialNumber and a.reason=1 [ RunTime:0.0006s ]
NOTIC: [8] Undefined index: device_serialNumber D:\Demo\SmartLock\Application\Home\Controller\AndroidController.class.php 第 482 行.
SQL: SELECT * FROM `lock_device` WHERE `serialNumber` = null LIMIT 1   [ RunTime:0.0001s ]
SQL: SELECT * FROM `lock_user` WHERE `id` = null  [ RunTime:0.0001s ]
SQL: SELECT * FROM `lock_bike` WHERE `owner_id` = null  [ RunTime:0.0001s ]
NOTIC: [8] Undefined offset: 0 D:\Demo\SmartLock\Application\Home\Controller\AndroidController.class.php 第 491 行.
NOTIC: [8] Undefined offset: 0 D:\Demo\SmartLock\Application\Home\Controller\AndroidController.class.php 第 492 行.
NOTIC: [8] Undefined offset: 0 D:\Demo\SmartLock\Application\Home\Controller\AndroidController.class.php 第 493 行.
NOTIC: [8] Undefined offset: 0 D:\Demo\SmartLock\Application\Home\Controller\AndroidController.class.php 第 494 行.
NOTIC: [8] Undefined offset: 0 D:\Demo\SmartLock\Application\Home\Controller\AndroidController.class.php 第 495 行.
NOTIC: [8] Undefined offset: 0 D:\Demo\SmartLock\Application\Home\Controller\AndroidController.class.php 第 496 行.
NOTIC: [8] Undefined offset: 0 D:\Demo\SmartLock\Application\Home\Controller\AndroidController.class.php 第 497 行.
NOTIC: [8] Undefined offset: 0 D:\Demo\SmartLock\Application\Home\Controller\AndroidController.class.php 第 498 行.
NOTIC: [8] Undefined offset: 0 D:\Demo\SmartLock\Application\Home\Controller\AndroidController.class.php 第 499 行.
NOTIC: [8] Undefined offset: 0 D:\Demo\SmartLock\Application\Home\Controller\AndroidController.class.php 第 500 行.
NOTIC: [8] Undefined offset: 0 D:\Demo\SmartLock\Application\Home\Controller\AndroidController.class.php 第 501 行.
NOTIC: [8] Undefined offset: 0 D:\Demo\SmartLock\Application\Home\Controller\AndroidController.class.php 第 502 行.
NOTIC: [8] Undefined index: device_serialNumber D:\Demo\SmartLock\Application\Home\Controller\AndroidController.class.php 第 482 行.
SQL: SELECT * FROM `lock_device` WHERE `serialNumber` = null LIMIT 1   [ RunTime:0.0001s ]
SQL: SELECT * FROM `lock_user` WHERE `id` = null  [ RunTime:0.0001s ]
SQL: SELECT * FROM `lock_bike` WHERE `owner_id` = null  [ RunTime:0.0001s ]
NOTIC: [8] Undefined offset: 0 D:\Demo\SmartLock\Application\Home\Controller\AndroidController.class.php 第 491 行.
NOTIC: [8] Undefined offset: 0 D:\Demo\SmartLock\Application\Home\Controller\AndroidController.class.php 第 492 行.
NOTIC: [8] Undefined offset: 0 D:\Demo\SmartLock\Application\Home\Controller\AndroidController.class.php 第 493 行.
NOTIC: [8] Undefined offset: 0 D:\Demo\SmartLock\Application\Home\Controller\AndroidController.class.php 第 494 行.
NOTIC: [8] Undefined offset: 0 D:\Demo\SmartLock\Application\Home\Controller\AndroidController.class.php 第 495 行.
NOTIC: [8] Undefined offset: 0 D:\Demo\SmartLock\Application\Home\Controller\AndroidController.class.php 第 496 行.
NOTIC: [8] Undefined offset: 0 D:\Demo\SmartLock\Application\Home\Controller\AndroidController.class.php 第 497 行.
NOTIC: [8] Undefined offset: 0 D:\Demo\SmartLock\Application\Home\Controller\AndroidController.class.php 第 498 行.
NOTIC: [8] Undefined offset: 0 D:\Demo\SmartLock\Application\Home\Controller\AndroidController.class.php 第 499 行.
NOTIC: [8] Undefined offset: 0 D:\Demo\SmartLock\Application\Home\Controller\AndroidController.class.php 第 500 行.
NOTIC: [8] Undefined offset: 0 D:\Demo\SmartLock\Application\Home\Controller\AndroidController.class.php 第 501 行.
NOTIC: [8] Undefined offset: 0 D:\Demo\SmartLock\Application\Home\Controller\AndroidController.class.php 第 502 行.
INFO: [ app_end ] --START--
INFO: Run Behavior\ShowPageTraceBehavior [ RunTime:0.000835s ]
INFO: [ app_end ] --END-- [ RunTime:0.000881s ]

[ 2016-08-02T20:28:23+08:00 ] ::1 /Smartlock/Android/viewNearby?lat=30.656556&lng=104.1943181
INFO: [ app_init ] --START--
INFO: Run Behavior\BuildLiteBehavior [ RunTime:0.000016s ]
INFO: [ app_init ] --END-- [ RunTime:0.000459s ]
INFO: [ app_begin ] --START--
INFO: Run Behavior\ReadHtmlCacheBehavior [ RunTime:0.000540s ]
INFO: [ app_begin ] --END-- [ RunTime:0.000591s ]
SQL: SHOW COLUMNS FROM `lock_position` [ RunTime:0.0135s ]
SQL: SHOW COLUMNS FROM `lock_device` [ RunTime:0.0092s ]
SQL: SHOW COLUMNS FROM `lock_bike` [ RunTime:0.0096s ]
SQL: SHOW COLUMNS FROM `lock_user` [ RunTime:0.0095s ]
SQL: select a.* from lock_position a,(select max(id) as id,device_serialNumber from lock_position group by device_serialNumber) b
where a.id=b.id and a.device_serialNumber=b.device_serialNumber and a.reason=1 [ RunTime:0.0009s ]
NOTIC: [8] Undefined index: device_serialNumber D:\Demo\SmartLock\Application\Home\Controller\AndroidController.class.php 第 482 行.
SQL: SELECT * FROM `lock_device` WHERE `serialNumber` = null LIMIT 1   [ RunTime:0.0003s ]
SQL: SELECT * FROM `lock_user` WHERE `id` = null  [ RunTime:0.0002s ]
SQL: SELECT * FROM `lock_bike` WHERE `owner_id` = null  [ RunTime:0.0002s ]
NOTIC: [8] Undefined offset: 0 D:\Demo\SmartLock\Application\Home\Controller\AndroidController.class.php 第 492 行.
NOTIC: [8] Undefined offset: 0 D:\Demo\SmartLock\Application\Home\Controller\AndroidController.class.php 第 493 行.
NOTIC: [8] Undefined offset: 0 D:\Demo\SmartLock\Application\Home\Controller\AndroidController.class.php 第 494 行.
NOTIC: [8] Undefined offset: 0 D:\Demo\SmartLock\Application\Home\Controller\AndroidController.class.php 第 495 行.
NOTIC: [8] Undefined offset: 0 D:\Demo\SmartLock\Application\Home\Controller\AndroidController.class.php 第 496 行.
NOTIC: [8] Undefined offset: 0 D:\Demo\SmartLock\Application\Home\Controller\AndroidController.class.php 第 497 行.
NOTIC: [8] Undefined offset: 0 D:\Demo\SmartLock\Application\Home\Controller\AndroidController.class.php 第 498 行.
NOTIC: [8] Undefined offset: 0 D:\Demo\SmartLock\Application\Home\Controller\AndroidController.class.php 第 499 行.
NOTIC: [8] Undefined offset: 0 D:\Demo\SmartLock\Application\Home\Controller\AndroidController.class.php 第 500 行.
NOTIC: [8] Undefined offset: 0 D:\Demo\SmartLock\Application\Home\Controller\AndroidController.class.php 第 501 行.
NOTIC: [8] Undefined offset: 0 D:\Demo\SmartLock\Application\Home\Controller\AndroidController.class.php 第 502 行.
NOTIC: [8] Undefined offset: 0 D:\Demo\SmartLock\Application\Home\Controller\AndroidController.class.php 第 503 行.
NOTIC: [8] Undefined index: device_serialNumber D:\Demo\SmartLock\Application\Home\Controller\AndroidController.class.php 第 482 行.
SQL: SELECT * FROM `lock_device` WHERE `serialNumber` = null LIMIT 1   [ RunTime:0.0002s ]
SQL: SELECT * FROM `lock_user` WHERE `id` = null  [ RunTime:0.0002s ]
SQL: SELECT * FROM `lock_bike` WHERE `owner_id` = null  [ RunTime:0.0002s ]
NOTIC: [8] Undefined offset: 0 D:\Demo\SmartLock\Application\Home\Controller\AndroidController.class.php 第 492 行.
NOTIC: [8] Undefined offset: 0 D:\Demo\SmartLock\Application\Home\Controller\AndroidController.class.php 第 493 行.
NOTIC: [8] Undefined offset: 0 D:\Demo\SmartLock\Application\Home\Controller\AndroidController.class.php 第 494 行.
NOTIC: [8] Undefined offset: 0 D:\Demo\SmartLock\Application\Home\Controller\AndroidController.class.php 第 495 行.
NOTIC: [8] Undefined offset: 0 D:\Demo\SmartLock\Application\Home\Controller\AndroidController.class.php 第 496 行.
NOTIC: [8] Undefined offset: 0 D:\Demo\SmartLock\Application\Home\Controller\AndroidController.class.php 第 497 行.
NOTIC: [8] Undefined offset: 0 D:\Demo\SmartLock\Application\Home\Controller\AndroidController.class.php 第 498 行.
NOTIC: [8] Undefined offset: 0 D:\Demo\SmartLock\Application\Home\Controller\AndroidController.class.php 第 499 行.
NOTIC: [8] Undefined offset: 0 D:\Demo\SmartLock\Application\Home\Controller\AndroidController.class.php 第 500 行.
NOTIC: [8] Undefined offset: 0 D:\Demo\SmartLock\Application\Home\Controller\AndroidController.class.php 第 501 行.
NOTIC: [8] Undefined offset: 0 D:\Demo\SmartLock\Application\Home\Controller\AndroidController.class.php 第 502 行.
NOTIC: [8] Undefined offset: 0 D:\Demo\SmartLock\Application\Home\Controller\AndroidController.class.php 第 503 行.
INFO: [ app_end ] --START--
INFO: Run Behavior\ShowPageTraceBehavior [ RunTime:0.000748s ]
INFO: [ app_end ] --END-- [ RunTime:0.000798s ]

[ 2016-08-02T20:28:58+08:00 ] ::1 /Smartlock/Android/viewNearby?lat=30.656556&lng=104.1943181
INFO: [ app_init ] --START--
INFO: Run Behavior\BuildLiteBehavior [ RunTime:0.000016s ]
INFO: [ app_init ] --END-- [ RunTime:0.000464s ]
INFO: [ app_begin ] --START--
INFO: Run Behavior\ReadHtmlCacheBehavior [ RunTime:0.000832s ]
INFO: [ app_begin ] --END-- [ RunTime:0.000905s ]
SQL: SHOW COLUMNS FROM `lock_position` [ RunTime:0.0457s ]
SQL: SHOW COLUMNS FROM `lock_device` [ RunTime:0.0153s ]
SQL: SHOW COLUMNS FROM `lock_bike` [ RunTime:0.0120s ]
SQL: SHOW COLUMNS FROM `lock_user` [ RunTime:0.0123s ]
SQL: select a.* from lock_position a,(select max(id) as id,device_serialNumber from lock_position group by device_serialNumber) b
where a.id=b.id and a.device_serialNumber=b.device_serialNumber and a.reason=1 [ RunTime:0.0009s ]
NOTIC: [8] Undefined index: device_serialNumber D:\Demo\SmartLock\Application\Home\Controller\AndroidController.class.php 第 483 行.
SQL: SELECT * FROM `lock_device` WHERE `serialNumber` = null LIMIT 1   [ RunTime:0.0003s ]
SQL: SELECT * FROM `lock_user` WHERE `id` = null  [ RunTime:0.0002s ]
SQL: SELECT * FROM `lock_bike` WHERE `owner_id` = null  [ RunTime:0.0001s ]
NOTIC: [8] Undefined offset: 0 D:\Demo\SmartLock\Application\Home\Controller\AndroidController.class.php 第 493 行.
NOTIC: [8] Undefined offset: 0 D:\Demo\SmartLock\Application\Home\Controller\AndroidController.class.php 第 494 行.
NOTIC: [8] Undefined offset: 0 D:\Demo\SmartLock\Application\Home\Controller\AndroidController.class.php 第 495 行.
NOTIC: [8] Undefined offset: 0 D:\Demo\SmartLock\Application\Home\Controller\AndroidController.class.php 第 496 行.
NOTIC: [8] Undefined offset: 0 D:\Demo\SmartLock\Application\Home\Controller\AndroidController.class.php 第 497 行.
NOTIC: [8] Undefined offset: 0 D:\Demo\SmartLock\Application\Home\Controller\AndroidController.class.php 第 498 行.
NOTIC: [8] Undefined offset: 0 D:\Demo\SmartLock\Application\Home\Controller\AndroidController.class.php 第 499 行.
NOTIC: [8] Undefined offset: 0 D:\Demo\SmartLock\Application\Home\Controller\AndroidController.class.php 第 500 行.
NOTIC: [8] Undefined offset: 0 D:\Demo\SmartLock\Application\Home\Controller\AndroidController.class.php 第 501 行.
NOTIC: [8] Undefined offset: 0 D:\Demo\SmartLock\Application\Home\Controller\AndroidController.class.php 第 502 行.
NOTIC: [8] Undefined offset: 0 D:\Demo\SmartLock\Application\Home\Controller\AndroidController.class.php 第 503 行.
NOTIC: [8] Undefined offset: 0 D:\Demo\SmartLock\Application\Home\Controller\AndroidController.class.php 第 504 行.
NOTIC: [8] Undefined index: device_serialNumber D:\Demo\SmartLock\Application\Home\Controller\AndroidController.class.php 第 483 行.
SQL: SELECT * FROM `lock_device` WHERE `serialNumber` = null LIMIT 1   [ RunTime:0.0002s ]
SQL: SELECT * FROM `lock_user` WHERE `id` = null  [ RunTime:0.0001s ]
SQL: SELECT * FROM `lock_bike` WHERE `owner_id` = null  [ RunTime:0.0002s ]
NOTIC: [8] Undefined offset: 0 D:\Demo\SmartLock\Application\Home\Controller\AndroidController.class.php 第 493 行.
NOTIC: [8] Undefined offset: 0 D:\Demo\SmartLock\Application\Home\Controller\AndroidController.class.php 第 494 行.
NOTIC: [8] Undefined offset: 0 D:\Demo\SmartLock\Application\Home\Controller\AndroidController.class.php 第 495 行.
NOTIC: [8] Undefined offset: 0 D:\Demo\SmartLock\Application\Home\Controller\AndroidController.class.php 第 496 行.
NOTIC: [8] Undefined offset: 0 D:\Demo\SmartLock\Application\Home\Controller\AndroidController.class.php 第 497 行.
NOTIC: [8] Undefined offset: 0 D:\Demo\SmartLock\Application\Home\Controller\AndroidController.class.php 第 498 行.
NOTIC: [8] Undefined offset: 0 D:\Demo\SmartLock\Application\Home\Controller\AndroidController.class.php 第 499 行.
NOTIC: [8] Undefined offset: 0 D:\Demo\SmartLock\Application\Home\Controller\AndroidController.class.php 第 500 行.
NOTIC: [8] Undefined offset: 0 D:\Demo\SmartLock\Application\Home\Controller\AndroidController.class.php 第 501 行.
NOTIC: [8] Undefined offset: 0 D:\Demo\SmartLock\Application\Home\Controller\AndroidController.class.php 第 502 行.
NOTIC: [8] Undefined offset: 0 D:\Demo\SmartLock\Application\Home\Controller\AndroidController.class.php 第 503 行.
NOTIC: [8] Undefined offset: 0 D:\Demo\SmartLock\Application\Home\Controller\AndroidController.class.php 第 504 行.
INFO: [ app_end ] --START--
INFO: Run Behavior\ShowPageTraceBehavior [ RunTime:0.000685s ]
INFO: [ app_end ] --END-- [ RunTime:0.000736s ]

[ 2016-08-02T20:29:29+08:00 ] ::1 /Smartlock/Android/viewNearby?lat=30.656556&lng=104.1943181
INFO: [ app_init ] --START--
INFO: Run Behavior\BuildLiteBehavior [ RunTime:0.000013s ]
INFO: [ app_init ] --END-- [ RunTime:0.000451s ]
INFO: [ app_begin ] --START--
INFO: Run Behavior\ReadHtmlCacheBehavior [ RunTime:0.001108s ]
INFO: [ app_begin ] --END-- [ RunTime:0.001178s ]
SQL: SHOW COLUMNS FROM `lock_position` [ RunTime:0.0126s ]
SQL: SHOW COLUMNS FROM `lock_device` [ RunTime:0.0101s ]
SQL: SHOW COLUMNS FROM `lock_bike` [ RunTime:0.0102s ]
SQL: SHOW COLUMNS FROM `lock_user` [ RunTime:0.0102s ]
SQL: select a.* from lock_position a,(select max(id) as id,device_serialNumber from lock_position group by device_serialNumber) b
where a.id=b.id and a.device_serialNumber=b.device_serialNumber and a.reason=1 [ RunTime:0.0007s ]
NOTIC: [8] Undefined index: device_serialNumber D:\Demo\SmartLock\Application\Home\Controller\AndroidController.class.php 第 483 行.
SQL: SELECT * FROM `lock_device` WHERE `serialNumber` = null LIMIT 1   [ RunTime:0.0002s ]
SQL: SELECT * FROM `lock_user` WHERE `id` = null  [ RunTime:0.0002s ]
SQL: SELECT * FROM `lock_bike` WHERE `owner_id` = null  [ RunTime:0.0002s ]
NOTIC: [8] Undefined offset: 0 D:\Demo\SmartLock\Application\Home\Controller\AndroidController.class.php 第 493 行.
NOTIC: [8] Undefined offset: 0 D:\Demo\SmartLock\Application\Home\Controller\AndroidController.class.php 第 494 行.
NOTIC: [8] Undefined offset: 0 D:\Demo\SmartLock\Application\Home\Controller\AndroidController.class.php 第 495 行.
NOTIC: [8] Undefined offset: 0 D:\Demo\SmartLock\Application\Home\Controller\AndroidController.class.php 第 496 行.
NOTIC: [8] Undefined offset: 0 D:\Demo\SmartLock\Application\Home\Controller\AndroidController.class.php 第 497 行.
NOTIC: [8] Undefined offset: 0 D:\Demo\SmartLock\Application\Home\Controller\AndroidController.class.php 第 498 行.
NOTIC: [8] Undefined offset: 0 D:\Demo\SmartLock\Application\Home\Controller\AndroidController.class.php 第 499 行.
NOTIC: [8] Undefined offset: 0 D:\Demo\SmartLock\Application\Home\Controller\AndroidController.class.php 第 500 行.
NOTIC: [8] Undefined offset: 0 D:\Demo\SmartLock\Application\Home\Controller\AndroidController.class.php 第 501 行.
NOTIC: [8] Undefined offset: 0 D:\Demo\SmartLock\Application\Home\Controller\AndroidController.class.php 第 502 行.
NOTIC: [8] Undefined offset: 0 D:\Demo\SmartLock\Application\Home\Controller\AndroidController.class.php 第 503 行.
NOTIC: [8] Undefined offset: 0 D:\Demo\SmartLock\Application\Home\Controller\AndroidController.class.php 第 504 行.
NOTIC: [8] Undefined index: device_serialNumber D:\Demo\SmartLock\Application\Home\Controller\AndroidController.class.php 第 483 行.
SQL: SELECT * FROM `lock_device` WHERE `serialNumber` = null LIMIT 1   [ RunTime:0.0002s ]
SQL: SELECT * FROM `lock_user` WHERE `id` = null  [ RunTime:0.0002s ]
SQL: SELECT * FROM `lock_bike` WHERE `owner_id` = null  [ RunTime:0.0002s ]
NOTIC: [8] Undefined offset: 0 D:\Demo\SmartLock\Application\Home\Controller\AndroidController.class.php 第 493 行.
NOTIC: [8] Undefined offset: 0 D:\Demo\SmartLock\Application\Home\Controller\AndroidController.class.php 第 494 行.
NOTIC: [8] Undefined offset: 0 D:\Demo\SmartLock\Application\Home\Controller\AndroidController.class.php 第 495 行.
NOTIC: [8] Undefined offset: 0 D:\Demo\SmartLock\Application\Home\Controller\AndroidController.class.php 第 496 行.
NOTIC: [8] Undefined offset: 0 D:\Demo\SmartLock\Application\Home\Controller\AndroidController.class.php 第 497 行.
NOTIC: [8] Undefined offset: 0 D:\Demo\SmartLock\Application\Home\Controller\AndroidController.class.php 第 498 行.
NOTIC: [8] Undefined offset: 0 D:\Demo\SmartLock\Application\Home\Controller\AndroidController.class.php 第 499 行.
NOTIC: [8] Undefined offset: 0 D:\Demo\SmartLock\Application\Home\Controller\AndroidController.class.php 第 500 行.
NOTIC: [8] Undefined offset: 0 D:\Demo\SmartLock\Application\Home\Controller\AndroidController.class.php 第 501 行.
NOTIC: [8] Undefined offset: 0 D:\Demo\SmartLock\Application\Home\Controller\AndroidController.class.php 第 502 行.
NOTIC: [8] Undefined offset: 0 D:\Demo\SmartLock\Application\Home\Controller\AndroidController.class.php 第 503 行.
NOTIC: [8] Undefined offset: 0 D:\Demo\SmartLock\Application\Home\Controller\AndroidController.class.php 第 504 行.
INFO: [ app_end ] --START--
INFO: Run Behavior\ShowPageTraceBehavior [ RunTime:0.001041s ]
INFO: [ app_end ] --END-- [ RunTime:0.001111s ]

[ 2016-08-02T20:29:54+08:00 ] ::1 /Smartlock/Android/viewNearby?lat=30.656556&lng=104.1943181
INFO: [ app_init ] --START--
INFO: Run Behavior\BuildLiteBehavior [ RunTime:0.000019s ]
INFO: [ app_init ] --END-- [ RunTime:0.000645s ]
INFO: [ app_begin ] --START--
INFO: Run Behavior\ReadHtmlCacheBehavior [ RunTime:0.000881s ]
INFO: [ app_begin ] --END-- [ RunTime:0.000961s ]
SQL: SHOW COLUMNS FROM `lock_position` [ RunTime:0.0346s ]
SQL: SHOW COLUMNS FROM `lock_device` [ RunTime:0.0094s ]
SQL: SHOW COLUMNS FROM `lock_bike` [ RunTime:0.0089s ]
SQL: SHOW COLUMNS FROM `lock_user` [ RunTime:0.0096s ]
SQL: select a.* from lock_position a,(select max(id) as id,device_serialNumber from lock_position group by device_serialNumber) b
where a.id=b.id and a.device_serialNumber=b.device_serialNumber and a.reason=1 [ RunTime:0.0007s ]
NOTIC: [8] Undefined index: device_serialNumber D:\Demo\SmartLock\Application\Home\Controller\AndroidController.class.php 第 483 行.
SQL: SELECT * FROM `lock_device` WHERE `serialNumber` = null LIMIT 1   [ RunTime:0.0003s ]
SQL: SELECT * FROM `lock_user` WHERE `id` = null  [ RunTime:0.0002s ]
SQL: SELECT * FROM `lock_bike` WHERE `owner_id` = null  [ RunTime:0.0002s ]
NOTIC: [8] Undefined offset: 0 D:\Demo\SmartLock\Application\Home\Controller\AndroidController.class.php 第 493 行.
NOTIC: [8] Undefined offset: 0 D:\Demo\SmartLock\Application\Home\Controller\AndroidController.class.php 第 494 行.
NOTIC: [8] Undefined offset: 0 D:\Demo\SmartLock\Application\Home\Controller\AndroidController.class.php 第 495 行.
NOTIC: [8] Undefined offset: 0 D:\Demo\SmartLock\Application\Home\Controller\AndroidController.class.php 第 496 行.
NOTIC: [8] Undefined offset: 0 D:\Demo\SmartLock\Application\Home\Controller\AndroidController.class.php 第 497 行.
NOTIC: [8] Undefined offset: 0 D:\Demo\SmartLock\Application\Home\Controller\AndroidController.class.php 第 498 行.
NOTIC: [8] Undefined offset: 0 D:\Demo\SmartLock\Application\Home\Controller\AndroidController.class.php 第 499 行.
NOTIC: [8] Undefined offset: 0 D:\Demo\SmartLock\Application\Home\Controller\AndroidController.class.php 第 500 行.
NOTIC: [8] Undefined offset: 0 D:\Demo\SmartLock\Application\Home\Controller\AndroidController.class.php 第 501 行.
NOTIC: [8] Undefined offset: 0 D:\Demo\SmartLock\Application\Home\Controller\AndroidController.class.php 第 502 行.
NOTIC: [8] Undefined offset: 0 D:\Demo\SmartLock\Application\Home\Controller\AndroidController.class.php 第 503 行.
NOTIC: [8] Undefined offset: 0 D:\Demo\SmartLock\Application\Home\Controller\AndroidController.class.php 第 504 行.
NOTIC: [8] Undefined index: device_serialNumber D:\Demo\SmartLock\Application\Home\Controller\AndroidController.class.php 第 483 行.
SQL: SELECT * FROM `lock_device` WHERE `serialNumber` = null LIMIT 1   [ RunTime:0.0002s ]
SQL: SELECT * FROM `lock_user` WHERE `id` = null  [ RunTime:0.0003s ]
SQL: SELECT * FROM `lock_bike` WHERE `owner_id` = null  [ RunTime:0.0004s ]
NOTIC: [8] Undefined offset: 0 D:\Demo\SmartLock\Application\Home\Controller\AndroidController.class.php 第 493 行.
NOTIC: [8] Undefined offset: 0 D:\Demo\SmartLock\Application\Home\Controller\AndroidController.class.php 第 494 行.
NOTIC: [8] Undefined offset: 0 D:\Demo\SmartLock\Application\Home\Controller\AndroidController.class.php 第 495 行.
NOTIC: [8] Undefined offset: 0 D:\Demo\SmartLock\Application\Home\Controller\AndroidController.class.php 第 496 行.
NOTIC: [8] Undefined offset: 0 D:\Demo\SmartLock\Application\Home\Controller\AndroidController.class.php 第 497 行.
NOTIC: [8] Undefined offset: 0 D:\Demo\SmartLock\Application\Home\Controller\AndroidController.class.php 第 498 行.
NOTIC: [8] Undefined offset: 0 D:\Demo\SmartLock\Application\Home\Controller\AndroidController.class.php 第 499 行.
NOTIC: [8] Undefined offset: 0 D:\Demo\SmartLock\Application\Home\Controller\AndroidController.class.php 第 500 行.
NOTIC: [8] Undefined offset: 0 D:\Demo\SmartLock\Application\Home\Controller\AndroidController.class.php 第 501 行.
NOTIC: [8] Undefined offset: 0 D:\Demo\SmartLock\Application\Home\Controller\AndroidController.class.php 第 502 行.
NOTIC: [8] Undefined offset: 0 D:\Demo\SmartLock\Application\Home\Controller\AndroidController.class.php 第 503 行.
NOTIC: [8] Undefined offset: 0 D:\Demo\SmartLock\Application\Home\Controller\AndroidController.class.php 第 504 行.
INFO: [ app_end ] --START--
INFO: Run Behavior\ShowPageTraceBehavior [ RunTime:0.001155s ]
INFO: [ app_end ] --END-- [ RunTime:0.001234s ]

[ 2016-08-02T20:32:52+08:00 ] ::1 /Smartlock/Android/viewNearby?lat=30.656556&lng=104.1943181
INFO: [ app_init ] --START--
INFO: Run Behavior\BuildLiteBehavior [ RunTime:0.000021s ]
INFO: [ app_init ] --END-- [ RunTime:0.001217s ]
INFO: [ app_begin ] --START--
INFO: Run Behavior\ReadHtmlCacheBehavior [ RunTime:0.001074s ]
INFO: [ app_begin ] --END-- [ RunTime:0.001161s ]
SQL: SHOW COLUMNS FROM `lock_position` [ RunTime:0.0121s ]
SQL: SHOW COLUMNS FROM `lock_device` [ RunTime:0.0090s ]
SQL: SHOW COLUMNS FROM `lock_bike` [ RunTime:0.0097s ]
SQL: SHOW COLUMNS FROM `lock_user` [ RunTime:0.0090s ]
SQL: select a.* from lock_position a,(select max(id) as id,device_serialNumber from lock_position group by device_serialNumber) b
where a.id=b.id and a.device_serialNumber=b.device_serialNumber and a.reason=1 [ RunTime:0.0007s ]
NOTIC: [8] Undefined index: device_serialNumber D:\Demo\SmartLock\Application\Home\Controller\AndroidController.class.php 第 482 行.
SQL: SELECT * FROM `lock_device` WHERE `serialNumber` = null LIMIT 1   [ RunTime:0.0002s ]
SQL: SELECT * FROM `lock_user` WHERE `id` = null  [ RunTime:0.0002s ]
SQL: SELECT * FROM `lock_bike` WHERE `owner_id` = null  [ RunTime:0.0002s ]
NOTIC: [8] Undefined offset: 0 D:\Demo\SmartLock\Application\Home\Controller\AndroidController.class.php 第 493 行.
NOTIC: [8] Undefined offset: 0 D:\Demo\SmartLock\Application\Home\Controller\AndroidController.class.php 第 494 行.
NOTIC: [8] Undefined offset: 0 D:\Demo\SmartLock\Application\Home\Controller\AndroidController.class.php 第 495 行.
NOTIC: [8] Undefined offset: 0 D:\Demo\SmartLock\Application\Home\Controller\AndroidController.class.php 第 496 行.
NOTIC: [8] Undefined offset: 0 D:\Demo\SmartLock\Application\Home\Controller\AndroidController.class.php 第 497 行.
NOTIC: [8] Undefined offset: 0 D:\Demo\SmartLock\Application\Home\Controller\AndroidController.class.php 第 498 行.
NOTIC: [8] Undefined offset: 0 D:\Demo\SmartLock\Application\Home\Controller\AndroidController.class.php 第 499 行.
NOTIC: [8] Undefined offset: 0 D:\Demo\SmartLock\Application\Home\Controller\AndroidController.class.php 第 500 行.
NOTIC: [8] Undefined offset: 0 D:\Demo\SmartLock\Application\Home\Controller\AndroidController.class.php 第 501 行.
NOTIC: [8] Undefined offset: 0 D:\Demo\SmartLock\Application\Home\Controller\AndroidController.class.php 第 502 行.
NOTIC: [8] Undefined offset: 0 D:\Demo\SmartLock\Application\Home\Controller\AndroidController.class.php 第 503 行.
NOTIC: [8] Undefined offset: 0 D:\Demo\SmartLock\Application\Home\Controller\AndroidController.class.php 第 504 行.
NOTIC: [8] Undefined index: device_serialNumber D:\Demo\SmartLock\Application\Home\Controller\AndroidController.class.php 第 482 行.
SQL: SELECT * FROM `lock_device` WHERE `serialNumber` = null LIMIT 1   [ RunTime:0.0003s ]
SQL: SELECT * FROM `lock_user` WHERE `id` = null  [ RunTime:0.0002s ]
SQL: SELECT * FROM `lock_bike` WHERE `owner_id` = null  [ RunTime:0.0002s ]
NOTIC: [8] Undefined offset: 0 D:\Demo\SmartLock\Application\Home\Controller\AndroidController.class.php 第 493 行.
NOTIC: [8] Undefined offset: 0 D:\Demo\SmartLock\Application\Home\Controller\AndroidController.class.php 第 494 行.
NOTIC: [8] Undefined offset: 0 D:\Demo\SmartLock\Application\Home\Controller\AndroidController.class.php 第 495 行.
NOTIC: [8] Undefined offset: 0 D:\Demo\SmartLock\Application\Home\Controller\AndroidController.class.php 第 496 行.
NOTIC: [8] Undefined offset: 0 D:\Demo\SmartLock\Application\Home\Controller\AndroidController.class.php 第 497 行.
NOTIC: [8] Undefined offset: 0 D:\Demo\SmartLock\Application\Home\Controller\AndroidController.class.php 第 498 行.
NOTIC: [8] Undefined offset: 0 D:\Demo\SmartLock\Application\Home\Controller\AndroidController.class.php 第 499 行.
NOTIC: [8] Undefined offset: 0 D:\Demo\SmartLock\Application\Home\Controller\AndroidController.class.php 第 500 行.
NOTIC: [8] Undefined offset: 0 D:\Demo\SmartLock\Application\Home\Controller\AndroidController.class.php 第 501 行.
NOTIC: [8] Undefined offset: 0 D:\Demo\SmartLock\Application\Home\Controller\AndroidController.class.php 第 502 行.
NOTIC: [8] Undefined offset: 0 D:\Demo\SmartLock\Application\Home\Controller\AndroidController.class.php 第 503 行.
NOTIC: [8] Undefined offset: 0 D:\Demo\SmartLock\Application\Home\Controller\AndroidController.class.php 第 504 行.
INFO: [ app_end ] --START--
INFO: Run Behavior\ShowPageTraceBehavior [ RunTime:0.000974s ]
INFO: [ app_end ] --END-- [ RunTime:0.001032s ]

[ 2016-08-02T20:33:22+08:00 ] ::1 /Smartlock/Android/viewNearby?lat=30.656556&lng=104.1943181
INFO: [ app_init ] --START--
INFO: Run Behavior\BuildLiteBehavior [ RunTime:0.000015s ]
INFO: [ app_init ] --END-- [ RunTime:0.000517s ]
INFO: [ app_begin ] --START--
INFO: Run Behavior\ReadHtmlCacheBehavior [ RunTime:0.000799s ]
INFO: [ app_begin ] --END-- [ RunTime:0.000857s ]
SQL: SHOW COLUMNS FROM `lock_position` [ RunTime:0.0134s ]
SQL: SHOW COLUMNS FROM `lock_device` [ RunTime:0.0086s ]
SQL: SHOW COLUMNS FROM `lock_bike` [ RunTime:0.0108s ]
SQL: SHOW COLUMNS FROM `lock_user` [ RunTime:0.0091s ]
SQL: select a.* from lock_position a,(select max(id) as id,device_serialNumber from lock_position group by device_serialNumber) b
where a.id=b.id and a.device_serialNumber=b.device_serialNumber and a.reason=1 [ RunTime:0.0007s ]
NOTIC: [8] Undefined index: device_serialNumber D:\Demo\SmartLock\Application\Home\Controller\AndroidController.class.php 第 482 行.
SQL: SELECT * FROM `lock_device` WHERE `serialNumber` = null LIMIT 1   [ RunTime:0.0002s ]
SQL: SELECT * FROM `lock_user` WHERE `id` = null  [ RunTime:0.0002s ]
SQL: SELECT * FROM `lock_bike` WHERE `owner_id` = null  [ RunTime:0.0001s ]
NOTIC: [8] Undefined offset: 0 D:\Demo\SmartLock\Application\Home\Controller\AndroidController.class.php 第 493 行.
NOTIC: [8] Undefined offset: 0 D:\Demo\SmartLock\Application\Home\Controller\AndroidController.class.php 第 494 行.
NOTIC: [8] Undefined offset: 0 D:\Demo\SmartLock\Application\Home\Controller\AndroidController.class.php 第 495 行.
NOTIC: [8] Undefined offset: 0 D:\Demo\SmartLock\Application\Home\Controller\AndroidController.class.php 第 496 行.
NOTIC: [8] Undefined offset: 0 D:\Demo\SmartLock\Application\Home\Controller\AndroidController.class.php 第 497 行.
NOTIC: [8] Undefined offset: 0 D:\Demo\SmartLock\Application\Home\Controller\AndroidController.class.php 第 498 行.
NOTIC: [8] Undefined offset: 0 D:\Demo\SmartLock\Application\Home\Controller\AndroidController.class.php 第 499 行.
NOTIC: [8] Undefined offset: 0 D:\Demo\SmartLock\Application\Home\Controller\AndroidController.class.php 第 500 行.
NOTIC: [8] Undefined offset: 0 D:\Demo\SmartLock\Application\Home\Controller\AndroidController.class.php 第 501 行.
NOTIC: [8] Undefined offset: 0 D:\Demo\SmartLock\Application\Home\Controller\AndroidController.class.php 第 502 行.
NOTIC: [8] Undefined offset: 0 D:\Demo\SmartLock\Application\Home\Controller\AndroidController.class.php 第 503 行.
NOTIC: [8] Undefined offset: 0 D:\Demo\SmartLock\Application\Home\Controller\AndroidController.class.php 第 504 行.
NOTIC: [8] Undefined index: device_serialNumber D:\Demo\SmartLock\Application\Home\Controller\AndroidController.class.php 第 482 行.
SQL: SELECT * FROM `lock_device` WHERE `serialNumber` = null LIMIT 1   [ RunTime:0.0002s ]
SQL: SELECT * FROM `lock_user` WHERE `id` = null  [ RunTime:0.0002s ]
SQL: SELECT * FROM `lock_bike` WHERE `owner_id` = null  [ RunTime:0.0002s ]
NOTIC: [8] Undefined offset: 0 D:\Demo\SmartLock\Application\Home\Controller\AndroidController.class.php 第 493 行.
NOTIC: [8] Undefined offset: 0 D:\Demo\SmartLock\Application\Home\Controller\AndroidController.class.php 第 494 行.
NOTIC: [8] Undefined offset: 0 D:\Demo\SmartLock\Application\Home\Controller\AndroidController.class.php 第 495 行.
NOTIC: [8] Undefined offset: 0 D:\Demo\SmartLock\Application\Home\Controller\AndroidController.class.php 第 496 行.
NOTIC: [8] Undefined offset: 0 D:\Demo\SmartLock\Application\Home\Controller\AndroidController.class.php 第 497 行.
NOTIC: [8] Undefined offset: 0 D:\Demo\SmartLock\Application\Home\Controller\AndroidController.class.php 第 498 行.
NOTIC: [8] Undefined offset: 0 D:\Demo\SmartLock\Application\Home\Controller\AndroidController.class.php 第 499 行.
NOTIC: [8] Undefined offset: 0 D:\Demo\SmartLock\Application\Home\Controller\AndroidController.class.php 第 500 行.
NOTIC: [8] Undefined offset: 0 D:\Demo\SmartLock\Application\Home\Controller\AndroidController.class.php 第 501 行.
NOTIC: [8] Undefined offset: 0 D:\Demo\SmartLock\Application\Home\Controller\AndroidController.class.php 第 502 行.
NOTIC: [8] Undefined offset: 0 D:\Demo\SmartLock\Application\Home\Controller\AndroidController.class.php 第 503 行.
NOTIC: [8] Undefined offset: 0 D:\Demo\SmartLock\Application\Home\Controller\AndroidController.class.php 第 504 行.
INFO: [ app_end ] --START--
INFO: Run Behavior\ShowPageTraceBehavior [ RunTime:0.001106s ]
INFO: [ app_end ] --END-- [ RunTime:0.001160s ]

[ 2016-08-02T20:33:25+08:00 ] ::1 /Smartlock/Android/viewNearby?lat=30.656556&lng=104.1943181
INFO: [ app_init ] --START--
INFO: Run Behavior\BuildLiteBehavior [ RunTime:0.000017s ]
INFO: [ app_init ] --END-- [ RunTime:0.000442s ]
INFO: [ app_begin ] --START--
INFO: Run Behavior\ReadHtmlCacheBehavior [ RunTime:0.000476s ]
INFO: [ app_begin ] --END-- [ RunTime:0.000522s ]
SQL: SHOW COLUMNS FROM `lock_position` [ RunTime:0.0143s ]
SQL: SHOW COLUMNS FROM `lock_device` [ RunTime:0.0098s ]
SQL: SHOW COLUMNS FROM `lock_bike` [ RunTime:0.0110s ]
SQL: SHOW COLUMNS FROM `lock_user` [ RunTime:0.0108s ]
SQL: select a.* from lock_position a,(select max(id) as id,device_serialNumber from lock_position group by device_serialNumber) b
where a.id=b.id and a.device_serialNumber=b.device_serialNumber and a.reason=1 [ RunTime:0.0007s ]
NOTIC: [8] Undefined index: device_serialNumber D:\Demo\SmartLock\Application\Home\Controller\AndroidController.class.php 第 482 行.
SQL: SELECT * FROM `lock_device` WHERE `serialNumber` = null LIMIT 1   [ RunTime:0.0002s ]
SQL: SELECT * FROM `lock_user` WHERE `id` = null  [ RunTime:0.0002s ]
SQL: SELECT * FROM `lock_bike` WHERE `owner_id` = null  [ RunTime:0.0001s ]
NOTIC: [8] Undefined offset: 0 D:\Demo\SmartLock\Application\Home\Controller\AndroidController.class.php 第 493 行.
NOTIC: [8] Undefined offset: 0 D:\Demo\SmartLock\Application\Home\Controller\AndroidController.class.php 第 494 行.
NOTIC: [8] Undefined offset: 0 D:\Demo\SmartLock\Application\Home\Controller\AndroidController.class.php 第 495 行.
NOTIC: [8] Undefined offset: 0 D:\Demo\SmartLock\Application\Home\Controller\AndroidController.class.php 第 496 行.
NOTIC: [8] Undefined offset: 0 D:\Demo\SmartLock\Application\Home\Controller\AndroidController.class.php 第 497 行.
NOTIC: [8] Undefined offset: 0 D:\Demo\SmartLock\Application\Home\Controller\AndroidController.class.php 第 498 行.
NOTIC: [8] Undefined offset: 0 D:\Demo\SmartLock\Application\Home\Controller\AndroidController.class.php 第 499 行.
NOTIC: [8] Undefined offset: 0 D:\Demo\SmartLock\Application\Home\Controller\AndroidController.class.php 第 500 行.
NOTIC: [8] Undefined offset: 0 D:\Demo\SmartLock\Application\Home\Controller\AndroidController.class.php 第 501 行.
NOTIC: [8] Undefined offset: 0 D:\Demo\SmartLock\Application\Home\Controller\AndroidController.class.php 第 502 行.
NOTIC: [8] Undefined offset: 0 D:\Demo\SmartLock\Application\Home\Controller\AndroidController.class.php 第 503 行.
NOTIC: [8] Undefined offset: 0 D:\Demo\SmartLock\Application\Home\Controller\AndroidController.class.php 第 504 行.
NOTIC: [8] Undefined index: device_serialNumber D:\Demo\SmartLock\Application\Home\Controller\AndroidController.class.php 第 482 行.
SQL: SELECT * FROM `lock_device` WHERE `serialNumber` = null LIMIT 1   [ RunTime:0.0001s ]
SQL: SELECT * FROM `lock_user` WHERE `id` = null  [ RunTime:0.0002s ]
SQL: SELECT * FROM `lock_bike` WHERE `owner_id` = null  [ RunTime:0.0002s ]
NOTIC: [8] Undefined offset: 0 D:\Demo\SmartLock\Application\Home\Controller\AndroidController.class.php 第 493 行.
NOTIC: [8] Undefined offset: 0 D:\Demo\SmartLock\Application\Home\Controller\AndroidController.class.php 第 494 行.
NOTIC: [8] Undefined offset: 0 D:\Demo\SmartLock\Application\Home\Controller\AndroidController.class.php 第 495 行.
NOTIC: [8] Undefined offset: 0 D:\Demo\SmartLock\Application\Home\Controller\AndroidController.class.php 第 496 行.
NOTIC: [8] Undefined offset: 0 D:\Demo\SmartLock\Application\Home\Controller\AndroidController.class.php 第 497 行.
NOTIC: [8] Undefined offset: 0 D:\Demo\SmartLock\Application\Home\Controller\AndroidController.class.php 第 498 行.
NOTIC: [8] Undefined offset: 0 D:\Demo\SmartLock\Application\Home\Controller\AndroidController.class.php 第 499 行.
NOTIC: [8] Undefined offset: 0 D:\Demo\SmartLock\Application\Home\Controller\AndroidController.class.php 第 500 行.
NOTIC: [8] Undefined offset: 0 D:\Demo\SmartLock\Application\Home\Controller\AndroidController.class.php 第 501 行.
NOTIC: [8] Undefined offset: 0 D:\Demo\SmartLock\Application\Home\Controller\AndroidController.class.php 第 502 行.
NOTIC: [8] Undefined offset: 0 D:\Demo\SmartLock\Application\Home\Controller\AndroidController.class.php 第 503 行.
NOTIC: [8] Undefined offset: 0 D:\Demo\SmartLock\Application\Home\Controller\AndroidController.class.php 第 504 行.
INFO: [ app_end ] --START--
INFO: Run Behavior\ShowPageTraceBehavior [ RunTime:0.000656s ]
INFO: [ app_end ] --END-- [ RunTime:0.000700s ]

[ 2016-08-02T20:34:25+08:00 ] ::1 /Smartlock/Android/viewNearby?lat=30.656556&lng=104.1943181
INFO: [ app_init ] --START--
INFO: Run Behavior\BuildLiteBehavior [ RunTime:0.000053s ]
INFO: [ app_init ] --END-- [ RunTime:0.000461s ]
INFO: [ app_begin ] --START--
INFO: Run Behavior\ReadHtmlCacheBehavior [ RunTime:0.000466s ]
INFO: [ app_begin ] --END-- [ RunTime:0.000509s ]
SQL: SHOW COLUMNS FROM `lock_position` [ RunTime:0.0114s ]
SQL: SHOW COLUMNS FROM `lock_device` [ RunTime:0.0093s ]
SQL: SHOW COLUMNS FROM `lock_bike` [ RunTime:0.0099s ]
SQL: SHOW COLUMNS FROM `lock_user` [ RunTime:0.0121s ]
SQL: select a.* from lock_position a,(select max(id) as id,device_serialNumber from lock_position group by device_serialNumber) b
where a.id=b.id and a.device_serialNumber=b.device_serialNumber and a.reason=1 [ RunTime:0.0007s ]
SQL: SELECT * FROM `lock_device` WHERE `serialNumber` = 1458222205 LIMIT 1   [ RunTime:0.0002s ]
SQL: SELECT * FROM `lock_user` WHERE `id` = 5  [ RunTime:0.0002s ]
SQL: SELECT * FROM `lock_bike` WHERE `owner_id` = 5  [ RunTime:0.0002s ]
NOTIC: [8] Undefined index: telNumber D:\Demo\SmartLock\Application\Home\Controller\AndroidController.class.php 第 497 行.
NOTIC: [8] Undefined index: startTime D:\Demo\SmartLock\Application\Home\Controller\AndroidController.class.php 第 502 行.
NOTIC: [8] Undefined index: endTime D:\Demo\SmartLock\Application\Home\Controller\AndroidController.class.php 第 503 行.
SQL: SELECT * FROM `lock_device` WHERE `serialNumber` = 1458222206 LIMIT 1   [ RunTime:0.0354s ]
SQL: SELECT * FROM `lock_user` WHERE `id` = null  [ RunTime:0.0002s ]
SQL: SELECT * FROM `lock_bike` WHERE `owner_id` = null  [ RunTime:0.0002s ]
NOTIC: [8] Undefined offset: 0 D:\Demo\SmartLock\Application\Home\Controller\AndroidController.class.php 第 493 行.
NOTIC: [8] Undefined offset: 0 D:\Demo\SmartLock\Application\Home\Controller\AndroidController.class.php 第 494 行.
NOTIC: [8] Undefined offset: 0 D:\Demo\SmartLock\Application\Home\Controller\AndroidController.class.php 第 495 行.
NOTIC: [8] Undefined offset: 0 D:\Demo\SmartLock\Application\Home\Controller\AndroidController.class.php 第 496 行.
NOTIC: [8] Undefined offset: 0 D:\Demo\SmartLock\Application\Home\Controller\AndroidController.class.php 第 497 行.
NOTIC: [8] Undefined offset: 0 D:\Demo\SmartLock\Application\Home\Controller\AndroidController.class.php 第 498 行.
NOTIC: [8] Undefined offset: 0 D:\Demo\SmartLock\Application\Home\Controller\AndroidController.class.php 第 499 行.
NOTIC: [8] Undefined offset: 0 D:\Demo\SmartLock\Application\Home\Controller\AndroidController.class.php 第 500 行.
NOTIC: [8] Undefined offset: 0 D:\Demo\SmartLock\Application\Home\Controller\AndroidController.class.php 第 501 行.
NOTIC: [8] Undefined offset: 0 D:\Demo\SmartLock\Application\Home\Controller\AndroidController.class.php 第 502 行.
NOTIC: [8] Undefined offset: 0 D:\Demo\SmartLock\Application\Home\Controller\AndroidController.class.php 第 503 行.
NOTIC: [8] Undefined offset: 0 D:\Demo\SmartLock\Application\Home\Controller\AndroidController.class.php 第 504 行.
INFO: [ app_end ] --START--
INFO: Run Behavior\ShowPageTraceBehavior [ RunTime:0.001008s ]
INFO: [ app_end ] --END-- [ RunTime:0.001087s ]

[ 2016-08-02T20:35:03+08:00 ] ::1 /Smartlock/Android/viewNearby?lat=30.656556&lng=104.1943181
INFO: [ app_init ] --START--
INFO: Run Behavior\BuildLiteBehavior [ RunTime:0.000024s ]
INFO: [ app_init ] --END-- [ RunTime:0.000627s ]
INFO: [ app_begin ] --START--
INFO: Run Behavior\ReadHtmlCacheBehavior [ RunTime:0.000770s ]
INFO: [ app_begin ] --END-- [ RunTime:0.000837s ]
SQL: SHOW COLUMNS FROM `lock_position` [ RunTime:0.0120s ]
SQL: SHOW COLUMNS FROM `lock_device` [ RunTime:0.0088s ]
SQL: SHOW COLUMNS FROM `lock_bike` [ RunTime:0.0087s ]
SQL: SHOW COLUMNS FROM `lock_user` [ RunTime:0.0400s ]
SQL: select a.* from lock_position a,(select max(id) as id,device_serialNumber from lock_position group by device_serialNumber) b
where a.id=b.id and a.device_serialNumber=b.device_serialNumber and a.reason=1 [ RunTime:0.0007s ]
SQL: SELECT * FROM `lock_device` WHERE `serialNumber` = 1458222205 LIMIT 1   [ RunTime:0.0002s ]
SQL: SELECT * FROM `lock_user` WHERE `id` = 5  [ RunTime:0.0002s ]
SQL: SELECT * FROM `lock_bike` WHERE `owner_id` = 5  [ RunTime:0.0002s ]
NOTIC: [8] Undefined index: telNumber D:\Demo\SmartLock\Application\Home\Controller\AndroidController.class.php 第 497 行.
NOTIC: [8] Undefined index: startTime D:\Demo\SmartLock\Application\Home\Controller\AndroidController.class.php 第 502 行.
NOTIC: [8] Undefined index: endTime D:\Demo\SmartLock\Application\Home\Controller\AndroidController.class.php 第 503 行.
SQL: SELECT * FROM `lock_device` WHERE `serialNumber` = 1458222206 LIMIT 1   [ RunTime:0.0001s ]
SQL: SELECT * FROM `lock_user` WHERE `id` = null  [ RunTime:0.0001s ]
SQL: SELECT * FROM `lock_bike` WHERE `owner_id` = null  [ RunTime:0.0001s ]
NOTIC: [8] Undefined offset: 0 D:\Demo\SmartLock\Application\Home\Controller\AndroidController.class.php 第 493 行.
NOTIC: [8] Undefined offset: 0 D:\Demo\SmartLock\Application\Home\Controller\AndroidController.class.php 第 494 行.
NOTIC: [8] Undefined offset: 0 D:\Demo\SmartLock\Application\Home\Controller\AndroidController.class.php 第 495 行.
NOTIC: [8] Undefined offset: 0 D:\Demo\SmartLock\Application\Home\Controller\AndroidController.class.php 第 496 行.
NOTIC: [8] Undefined offset: 0 D:\Demo\SmartLock\Application\Home\Controller\AndroidController.class.php 第 497 行.
NOTIC: [8] Undefined offset: 0 D:\Demo\SmartLock\Application\Home\Controller\AndroidController.class.php 第 498 行.
NOTIC: [8] Undefined offset: 0 D:\Demo\SmartLock\Application\Home\Controller\AndroidController.class.php 第 499 行.
NOTIC: [8] Undefined offset: 0 D:\Demo\SmartLock\Application\Home\Controller\AndroidController.class.php 第 500 行.
NOTIC: [8] Undefined offset: 0 D:\Demo\SmartLock\Application\Home\Controller\AndroidController.class.php 第 501 行.
NOTIC: [8] Undefined offset: 0 D:\Demo\SmartLock\Application\Home\Controller\AndroidController.class.php 第 502 行.
NOTIC: [8] Undefined offset: 0 D:\Demo\SmartLock\Application\Home\Controller\AndroidController.class.php 第 503 行.
NOTIC: [8] Undefined offset: 0 D:\Demo\SmartLock\Application\Home\Controller\AndroidController.class.php 第 504 行.
INFO: [ app_end ] --START--
INFO: Run Behavior\ShowPageTraceBehavior [ RunTime:0.000957s ]
INFO: [ app_end ] --END-- [ RunTime:0.001017s ]

