[ 2016-08-01T17:18:17+08:00 ] ::1 /Smartlock/Android/report
INFO: [ app_init ] --START--
INFO: Run Behavior\BuildLiteBehavior [ RunTime:0.000024s ]
INFO: [ app_init ] --END-- [ RunTime:0.027094s ]
INFO: [ app_begin ] --START--
INFO: Run Behavior\ReadHtmlCacheBehavior [ RunTime:0.033180s ]
INFO: [ app_begin ] --END-- [ RunTime:0.033296s ]

[ 2016-08-01T17:18:40+08:00 ] ::1 /Smartlock/Android/report
INFO: [ app_init ] --START--
INFO: Run Behavior\BuildLiteBehavior [ RunTime:0.000015s ]
INFO: [ app_init ] --END-- [ RunTime:0.000461s ]
INFO: [ app_begin ] --START--
INFO: Run Behavior\ReadHtmlCacheBehavior [ RunTime:0.001643s ]
INFO: [ app_begin ] --END-- [ RunTime:0.001891s ]
SQL: SHOW COLUMNS FROM `lock_position` [ RunTime:0.0557s ]
SQL: SELECT `id`,`lng`,`lat`,`reason` FROM `lock_position` ORDER BY id desc LIMIT 0,1   [ RunTime:0.0004s ]
INFO: [ app_end ] --START--
INFO: Run Behavior\ShowPageTraceBehavior [ RunTime:0.038782s ]
INFO: [ app_end ] --END-- [ RunTime:0.039023s ]

[ 2016-08-01T17:19:42+08:00 ] ::1 /Smartlock/Android/report
INFO: [ app_init ] --START--
INFO: Run Behavior\BuildLiteBehavior [ RunTime:0.000026s ]
INFO: [ app_init ] --END-- [ RunTime:0.001177s ]
INFO: [ app_begin ] --START--
INFO: Run Behavior\ReadHtmlCacheBehavior [ RunTime:0.000632s ]
INFO: [ app_begin ] --END-- [ RunTime:0.000711s ]
SQL: SHOW COLUMNS FROM `lock_position` [ RunTime:0.0174s ]
SQL: SELECT `id`,`lng`,`lat`,`reason` FROM `lock_position` ORDER BY id desc LIMIT 0,1   [ RunTime:0.0004s ]
INFO: [ app_end ] --START--
INFO: Run Behavior\ShowPageTraceBehavior [ RunTime:0.001611s ]
INFO: [ app_end ] --END-- [ RunTime:0.001697s ]

[ 2016-08-01T17:20:25+08:00 ] ::1 /Smartlock/Android/report
INFO: [ app_init ] --START--
INFO: Run Behavior\BuildLiteBehavior [ RunTime:0.000013s ]
INFO: [ app_init ] --END-- [ RunTime:0.000492s ]
INFO: [ app_begin ] --START--
INFO: Run Behavior\ReadHtmlCacheBehavior [ RunTime:0.000796s ]
INFO: [ app_begin ] --END-- [ RunTime:0.000861s ]
SQL: SHOW COLUMNS FROM `lock_position` [ RunTime:0.0157s ]
SQL: SELECT `id`,`lng`,`lat`,`reason` FROM `lock_position` WHERE `device_serialNumber` = 0 ORDER BY id desc LIMIT 0,1   [ RunTime:0.2934s ]
INFO: [ app_end ] --START--
INFO: Run Behavior\ShowPageTraceBehavior [ RunTime:0.000820s ]
INFO: [ app_end ] --END-- [ RunTime:0.000887s ]

